mktexpk --mfmode / --bdpi 600 --mag 0+480/600 --dpi 480 ptmri7t
mktexpk --mfmode / --bdpi 600 --mag 0+480/600 --dpi 480 ptmb7t
mktexpk --mfmode / --bdpi 600 --mag 0+420/600 --dpi 420 ptmr8c
mktexpk --mfmode / --bdpi 600 --mag 1+0/600 --dpi 600 ptmr8c
mktexpk --mfmode / --bdpi 600 --mag 0+360/600 --dpi 360 ptmr7t
mktexpk --mfmode / --bdpi 600 --mag 0+480/600 --dpi 480 ptmr7t
mktexpk --mfmode / --bdpi 600 --mag 0+300/600 --dpi 300 ptmr7t
mktexpk --mfmode / --bdpi 600 --mag 0+420/600 --dpi 420 ptmr7t
mktexpk --mfmode / --bdpi 600 --mag 0+480/600 --dpi 480 phvb7t
mktexpk --mfmode / --bdpi 600 --mag 0+480/600 --dpi 480 phvr7tn
mktexpk --mfmode / --bdpi 600 --mag 1+0/600 --dpi 600 ptmri7t
mktexpk --mfmode / --bdpi 600 --mag 0+540/600 --dpi 540 pcrbo7t
mktexpk --mfmode / --bdpi 600 --mag 0+540/600 --dpi 540 pcrro7t
mktexpk --mfmode / --bdpi 600 --mag 1+264/600 --dpi 864 ptmb7t
mktexpk --mfmode / --bdpi 600 --mag 2+293/600 --dpi 1493 pcrb7t
mktexpk --mfmode / --bdpi 600 --mag 0+540/600 --dpi 540 ptmro7t
mktexpk --mfmode / --bdpi 600 --mag 0+540/600 --dpi 540 ptmbo7t
mktexpk --mfmode / --bdpi 600 --mag 0+540/600 --dpi 540 ptmr7t
mktexpk --mfmode / --bdpi 600 --mag 1+0/600 --dpi 600 pcrr7t
mktexpk --mfmode / --bdpi 600 --mag 2+44/600 --dpi 1244 ptmb7t
mktexpk --mfmode / --bdpi 600 --mag 1+0/600 --dpi 600 pcrb7t
mktexpk --mfmode / --bdpi 600 --mag 1+120/600 --dpi 720 ptmb7t
mktexpk --mfmode / --bdpi 600 --mag 2+293/600 --dpi 1493 ptmb7t
mktexpk --mfmode / --bdpi 600 --mag 1+0/600 --dpi 600 ptmb7t
mktexpk --mfmode / --bdpi 600 --mag 1+437/600 --dpi 1037 pcrb7t
mktexpk --mfmode / --bdpi 600 --mag 1+437/600 --dpi 1037 ptmb7t
mktexpk --mfmode / --bdpi 600 --mag 1+437/600 --dpi 1037 ptmr7t
mktexpk --mfmode / --bdpi 600 --mag 1+0/600 --dpi 600 ptmr7t
